[Thu, 08 Aug 2013 18:04:17 GMT] INFO Server starting with config: {
  "environment": "development",
  "workers": 1,
  "port": 4000,
  "spdy": null,
  "ssl": null,
  "detailedErrors": true,
  "flash": {
    "defaultClass": "alert",
    "inlineClasses": {
      "success": "alert alert-success",
      "alert": "alert",
      "error": "alert alert-error",
      "info": "alert alert-info"
    },
    "blockClasses": {
      "success": "alert alert-block alert-success",
      "alert": "alert alert-block",
      "error": "alert alert-block alert-error",
      "info": "alert alert-block alert-info"
    }
  },
  "debug": true,
  "rotateWorkers": false,
  "rotationWindow": 7200000,
  "rotationTimeout": 300000,
  "logDir": "/Users/omnomnomben/Documents/redistest/log",
  "gracefulShutdownTimeout": 30000,
  "heartbeatInterval": 5000,
  "heartbeatWindow": 20000,
  "staticFilePath": "/Users/omnomnomben/Documents/redistest/public",
  "cacheControl": {
    "expires": {
      "default": 0
    }
  },
  "sessions": {
    "store": "redis",
    "key": "sid",
    "expiry": 1209600,
    "server": {
      "host": "127.0.0.1",
      "port": 6379,
      "opts": {},
      "ns": "sess"
    }
  },
  "cookieSessionKey": "sdata",
  "i18n": {
    "defaultLocale": "en-us",
    "loadPaths": [
      "/Users/omnomnomben/Documents/redistest/config/locales"
    ]
  },
  "hostname": null,
  "fullHostname": null,
  "connectCompatibility": false,
  "model": {
    "defaultAdapter": "memory"
  }
}
[Thu, 08 Aug 2013 18:04:17 GMT] INFO Creating 1 worker process.
[Thu, 08 Aug 2013 18:04:18 GMT] INFO Server worker running in development on port 4000 with a PID of: 72595
